<?xml version="1.0" encoding="UTF-8"?>
<testng-results skipped="0" failed="0" ignored="0" total="1" passed="1">
  <reporter-output>
  </reporter-output>
  <suite name="Suite" duration-ms="7166" started-at="2020-07-20T15:52:17Z" finished-at="2020-07-20T15:52:24Z">
    <groups>
    </groups>
    <test name="Test" duration-ms="7166" started-at="2020-07-20T15:52:17Z" finished-at="2020-07-20T15:52:24Z">
      <class name="seleniumTest.Selenium_test">
        <test-method status="PASS" signature="initialise(java.lang.String)[pri:0, instance:seleniumTest.Selenium_test@6a41eaa2]" name="initialise" duration-ms="7129" started-at="2020-07-20T15:52:17Z" finished-at="2020-07-20T15:52:24Z">
          <params>
            <param index="0">
              <value>
                <![CDATA[Chrome]]>
              </value>
            </param>
          </params>
          <reporter-output>
          </reporter-output>
        </test-method> <!-- initialise -->
      </class> <!-- seleniumTest.Selenium_test -->
    </test> <!-- Test -->
  </suite> <!-- Suite -->
</testng-results>
